<?xml version="1.0" encoding="UTF-8"?>
<coverage generated="1702966140129" clover="3.2.0">
  <project timestamp="1702966140129" name="All files">
    <metrics statements="39" coveredstatements="38" conditionals="3" coveredconditionals="3" methods="1" coveredmethods="1" elements="43" coveredelements="42" complexity="0" loc="39" ncloc="39" packages="1" files="1" classes="1"/>
    <file name="03-errorcount.js" path="/home/navin/assignments/week-3/01-middlewares/03-errorcount.js">
      <metrics statements="39" coveredstatements="38" conditionals="3" coveredconditionals="3" methods="1" coveredmethods="1"/>
      <line num="1" count="1" type="stmt"/>
      <line num="2" count="1" type="stmt"/>
      <line num="3" count="1" type="stmt"/>
      <line num="4" count="1" type="stmt"/>
      <line num="5" count="1" type="stmt"/>
      <line num="6" count="1" type="stmt"/>
      <line num="7" count="1" type="stmt"/>
      <line num="8" count="1" type="stmt"/>
      <line num="9" count="1" type="stmt"/>
      <line num="10" count="1" type="stmt"/>
      <line num="11" count="1" type="stmt"/>
      <line num="12" count="1" type="stmt"/>
      <line num="13" count="1" type="cond" truecount="1" falsecount="0"/>
      <line num="14" count="11" type="stmt"/>
      <line num="15" count="11" type="stmt"/>
      <line num="16" count="11" type="stmt"/>
      <line num="17" count="11" type="stmt"/>
      <line num="18" count="11" type="stmt"/>
      <line num="19" count="11" type="stmt"/>
      <line num="20" count="11" type="stmt"/>
      <line num="21" count="11" type="stmt"/>
      <line num="22" count="1" type="stmt"/>
      <line num="23" count="1" type="stmt"/>
      <line num="24" count="1" type="cond" truecount="1" falsecount="0"/>
      <line num="25" count="11" type="stmt"/>
      <line num="26" count="11" type="stmt"/>
      <line num="27" count="1" type="stmt"/>
      <line num="28" count="1" type="stmt"/>
      <line num="29" count="1" type="stmt"/>
      <line num="30" count="0" type="stmt"/>
      <line num="31" count="1" type="stmt"/>
      <line num="32" count="1" type="stmt"/>
      <line num="33" count="1" type="cond" truecount="1" falsecount="0"/>
      <line num="34" count="2" type="stmt"/>
      <line num="35" count="1" type="stmt"/>
      <line num="36" count="1" type="stmt"/>
      <line num="37" count="1" type="stmt"/>
      <line num="38" count="1" type="stmt"/>
      <line num="39" count="1" type="stmt"/>
    </file>
  </project>
</coverage>
